<?xml version="1.0" encoding="UTF-8"?>
<!-- Generated by org.testng.reporters.JUnitReportReporter -->
<testsuite hostname="DESKTOP-0L2DKAB" failures="0" tests="1" name="rahulshettyacademy.test.ErrorValidation" time="5.611" errors="0" timestamp="2025-07-13T06:32:23 IST" skipped="0">
  <testcase classname="rahulshettyacademy.test.ErrorValidation" name="submitOrder" time="5.611"/>
</testsuite> <!-- rahulshettyacademy.test.ErrorValidation -->
