<?xml version="1.0" encoding="UTF-8"?>
<!-- Generated by org.testng.reporters.JUnitReportReporter -->
<testsuite hostname="DESKTOP-0L2DKAB" failures="0" tests="4" name="rahulshettyacademy.test.StandaloneTest3" time="71.402" errors="0" timestamp="2025-07-13T22:04:26 IST" skipped="0">
  <testcase classname="rahulshettyacademy.test.StandaloneTest3" name="submitOrder" time="22.816"/>
  <testcase classname="rahulshettyacademy.test.StandaloneTest3" name="OrderHistory" time="10.725"/>
  <testcase classname="rahulshettyacademy.test.StandaloneTest3" name="submitOrder" time="25.608"/>
  <testcase classname="rahulshettyacademy.test.StandaloneTest3" name="OrderHistory" time="12.253"/>
</testsuite> <!-- rahulshettyacademy.test.StandaloneTest3 -->
