<?xml version="1.0" encoding="UTF-8"?>
<!-- Generated by org.testng.reporters.JUnitReportReporter -->
<testsuite hostname="DESKTOP-0L2DKAB" failures="0" tests="2" name="rahulshettyacademy.test.ErrorValidation" time="50.785" errors="0" timestamp="2025-07-13T13:22:22 IST" skipped="1">
  <testcase classname="rahulshettyacademy.test.ErrorValidation" name="submitOrder" time="24.497">
    <skipped/>
  </testcase> <!-- submitOrder -->
  <testcase classname="rahulshettyacademy.test.ErrorValidation" name="submitOrder" time="26.288"/>
</testsuite> <!-- rahulshettyacademy.test.ErrorValidation -->
